Using pre-set license
Built from '2022.3/staging' branch; Version is '2022.3.15f1 (b58023a2b463) revision 11894819'; Using compiler version '192829333'; Build Type 'Release'
OS: 'Windows 11  (10.0.22631) 64bit CoreSingleLanguage' Language: 'en' Physical Memory: 16163 MB
BatchMode: 1, IsHumanControllingUs: 0, StartBugReporterOnCrash: 0, Is64bit: 1, IsPro: 1

COMMAND LINE ARGUMENTS:
C:\Program Files\Unity\Hub\Editor\2022.3.15f1\Editor\Unity.exe
-adb2
-batchMode
-noUpm
-name
AssetImportWorker4
-projectPath
C:/Users/User/Documents/GitHub/3D-Game-Project/3DPv0.1
-logFile
Logs/AssetImportWorker4.log
-srvPort
53247
Successfully changed project path to: C:/Users/User/Documents/GitHub/3D-Game-Project/3DPv0.1
C:/Users/User/Documents/GitHub/3D-Game-Project/3DPv0.1
[UnityMemory] Configuration Parameters - Can be set up in boot.config
    "memorysetup-bucket-allocator-granularity=16"
    "memorysetup-bucket-allocator-bucket-count=8"
    "memorysetup-bucket-allocator-block-size=33554432"
    "memorysetup-bucket-allocator-block-count=8"
    "memorysetup-main-allocator-block-size=16777216"
    "memorysetup-thread-allocator-block-size=16777216"
    "memorysetup-gfx-main-allocator-block-size=16777216"
    "memorysetup-gfx-thread-allocator-block-size=16777216"
    "memorysetup-cache-allocator-block-size=4194304"
    "memorysetup-typetree-allocator-block-size=2097152"
    "memorysetup-profiler-bucket-allocator-granularity=16"
    "memorysetup-profiler-bucket-allocator-bucket-count=8"
    "memorysetup-profiler-bucket-allocator-block-size=33554432"
    "memorysetup-profiler-bucket-allocator-block-count=8"
    "memorysetup-profiler-allocator-block-size=16777216"
    "memorysetup-profiler-editor-allocator-block-size=1048576"
    "memorysetup-temp-allocator-size-main=16777216"
    "memorysetup-job-temp-allocator-block-size=2097152"
    "memorysetup-job-temp-allocator-block-size-background=1048576"
    "memorysetup-job-temp-allocator-reduction-small-platforms=262144"
    "memorysetup-allocator-temp-initial-block-size-main=262144"
    "memorysetup-allocator-temp-initial-block-size-worker=262144"
    "memorysetup-temp-allocator-size-background-worker=32768"
    "memorysetup-temp-allocator-size-job-worker=262144"
    "memorysetup-temp-allocator-size-preload-manager=33554432"
    "memorysetup-temp-allocator-size-nav-mesh-worker=65536"
    "memorysetup-temp-allocator-size-audio-worker=65536"
    "memorysetup-temp-allocator-size-cloud-worker=32768"
    "memorysetup-temp-allocator-size-gi-baking-worker=262144"
    "memorysetup-temp-allocator-size-gfx=262144"
Player connection [34948] Host "[IP] 10.120.237.118 [Port] 0 [Flags] 2 [Guid] 3183687620 [EditorId] 3183687620 [Version] 1048832 [Id] WindowsEditor(7,GIGABYTE) [Debug] 1 [PackageName] WindowsEditor [ProjectName] Editor" joined multi-casting on [225.0.0.222:54997]...

Player connection [34948] Host "[IP] 10.120.237.118 [Port] 0 [Flags] 2 [Guid] 3183687620 [EditorId] 3183687620 [Version] 1048832 [Id] WindowsEditor(7,GIGABYTE) [Debug] 1 [PackageName] WindowsEditor [ProjectName] Editor" joined alternative multi-casting on [225.0.0.222:34997]...

[Physics::Module] Initialized MultithreadedJobDispatcher with 11 workers.
Refreshing native plugins compatible for Editor in 1.45 ms, found 0 plugins.
Preloading 0 native plugins for Editor in 0.00 ms.
Initialize engine version: 2022.3.15f1 (b58023a2b463)
[Subsystems] Discovering subsystems at path C:/Program Files/Unity/Hub/Editor/2022.3.15f1/Editor/Data/Resources/UnitySubsystems
[Subsystems] Discovering subsystems at path C:/Users/User/Documents/GitHub/3D-Game-Project/3DPv0.1/Assets
GfxDevice: creating device client; threaded=0; jobified=0
Direct3D:
    Version:  Direct3D 11.0 [level 11.1]
    Renderer: NVIDIA GeForce RTX 3060 Laptop GPU (ID=0x2520)
    Vendor:   NVIDIA
    VRAM:     5996 MB
    Driver:   32.0.15.5599
Initialize mono
Mono path[0] = 'C:/Program Files/Unity/Hub/Editor/2022.3.15f1/Editor/Data/Managed'
Mono path[1] = 'C:/Program Files/Unity/Hub/Editor/2022.3.15f1/Editor/Data/MonoBleedingEdge/lib/mono/unityjit-win32'
Mono config path = 'C:/Program Files/Unity/Hub/Editor/2022.3.15f1/Editor/Data/MonoBleedingEdge/etc'
Using monoOptions --debugger-agent=transport=dt_socket,embedding=1,server=y,suspend=n,address=127.0.0.1:56324
Begin MonoManager ReloadAssembly
Registering precompiled unity dll's ...
Register platform support module: C:/Program Files/Unity/Hub/Editor/2022.3.15f1/Editor/Data/PlaybackEngines/AndroidPlayer/UnityEditor.Android.Extensions.dll
Register platform support module: C:/Program Files/Unity/Hub/Editor/2022.3.15f1/Editor/Data/PlaybackEngines/WindowsStandaloneSupport/UnityEditor.WindowsStandalone.Extensions.dll
Register platform support module: C:/Program Files/Unity/Hub/Editor/2022.3.15f1/Editor/Data/PlaybackEngines/MetroSupport/UnityEditor.UWP.Extensions.dll
Registered in 0.006352 seconds.
- Loaded All Assemblies, in  1.066 seconds
Native extension for UWP target not found
Native extension for WindowsStandalone target not found
Native extension for Android target not found
Android Extension - Scanning For ADB Devices 343 ms
Mono: successfully reloaded assembly
- Finished resetting the current domain, in  0.635 seconds
Domain Reload Profiling: 1699ms
	BeginReloadAssembly (80ms)
		ExecutionOrderSort (0ms)
		DisableScriptedObjects (0ms)
		BackupInstance (0ms)
		ReleaseScriptingObjects (0ms)
		CreateAndSetChildDomain (1ms)
	RebuildCommonClasses (169ms)
	RebuildNativeTypeToScriptingClass (9ms)
	initialDomainReloadingComplete (50ms)
	LoadAllAssembliesAndSetupDomain (755ms)
		LoadAssemblies (80ms)
		RebuildTransferFunctionScriptingTraits (0ms)
		AnalyzeDomain (753ms)
			TypeCache.Refresh (751ms)
				TypeCache.ScanAssembly (527ms)
			ScanForSourceGeneratedMonoScriptInfo (1ms)
			ResolveRequiredComponents (0ms)
	FinalizeReload (635ms)
		ReleaseScriptCaches (0ms)
		RebuildScriptCaches (0ms)
		SetupLoadedEditorAssemblies (584ms)
			LogAssemblyErrors (0ms)
			InitializePlatformSupportModulesInManaged (434ms)
			SetLoadedEditorAssemblies (3ms)
			RefreshPlugins (0ms)
			BeforeProcessingInitializeOnLoad (2ms)
			ProcessInitializeOnLoadAttributes (103ms)
			ProcessInitializeOnLoadMethodAttributes (42ms)
			AfterProcessingInitializeOnLoad (0ms)
			EditorAssembliesLoaded (0ms)
		ExecutionOrderSort2 (0ms)
		AwakeInstancesAfterBackupRestoration (0ms)
========================================================================
Worker process is ready to serve import requests
Begin MonoManager ReloadAssembly
- Loaded All Assemblies, in  0.492 seconds
Refreshing native plugins compatible for Editor in 0.42 ms, found 0 plugins.
Native extension for UWP target not found
Native extension for WindowsStandalone target not found
Native extension for Android target not found
Mono: successfully reloaded assembly
- Finished resetting the current domain, in  0.465 seconds
Domain Reload Profiling: 955ms
	BeginReloadAssembly (138ms)
		ExecutionOrderSort (0ms)
		DisableScriptedObjects (5ms)
		BackupInstance (0ms)
		ReleaseScriptingObjects (0ms)
		CreateAndSetChildDomain (23ms)
	RebuildCommonClasses (35ms)
	RebuildNativeTypeToScriptingClass (11ms)
	initialDomainReloadingComplete (36ms)
	LoadAllAssembliesAndSetupDomain (270ms)
		LoadAssemblies (183ms)
		RebuildTransferFunctionScriptingTraits (0ms)
		AnalyzeDomain (164ms)
			TypeCache.Refresh (145ms)
				TypeCache.ScanAssembly (134ms)
			ScanForSourceGeneratedMonoScriptInfo (13ms)
			ResolveRequiredComponents (5ms)
	FinalizeReload (465ms)
		ReleaseScriptCaches (0ms)
		RebuildScriptCaches (0ms)
		SetupLoadedEditorAssemblies (302ms)
			LogAssemblyErrors (0ms)
			InitializePlatformSupportModulesInManaged (23ms)
			SetLoadedEditorAssemblies (2ms)
			RefreshPlugins (0ms)
			BeforeProcessingInitializeOnLoad (43ms)
			ProcessInitializeOnLoadAttributes (197ms)
			ProcessInitializeOnLoadMethodAttributes (31ms)
			AfterProcessingInitializeOnLoad (5ms)
			EditorAssembliesLoaded (0ms)
		ExecutionOrderSort2 (0ms)
		AwakeInstancesAfterBackupRestoration (5ms)
Launched and connected shader compiler UnityShaderCompiler.exe after 0.04 seconds
Refreshing native plugins compatible for Editor in 0.47 ms, found 0 plugins.
Preloading 0 native plugins for Editor in 0.00 ms.
Unloading 2254 Unused Serialized files (Serialized files now loaded: 0)
Unloading 81 unused Assets / (3.9 MB). Loaded Objects now: 2696.
Memory consumption went from 204.5 MB to 200.6 MB.
Total: 3.765700 ms (FindLiveObjects: 0.188300 ms CreateObjectMapping: 0.056600 ms MarkObjects: 2.421100 ms  DeleteObjects: 1.098000 ms)

AssetImportParameters requested are different than current active one (requested -> active):
  custom:video-decoder-webm-vp8: 9c59270c3fd7afecdb556c50c9e8de78 -> 
  custom:SearchIndexIgnoredProperties: e643bd26f0fe6173181afceb89e7c659 -> 
  custom:container-demuxer-ogg: 62fdf1f143b41e24485cea50d1cbac27 -> 
  custom:AudioImporter_EditorPlatform: d09bf68614088b80899f8185d706f6e7 -> 
  custom:video-codec-MediaFoundation-h265: 746d11721c4dcdbdad8f713fa42b33f4 -> 
  custom:video-decoder-ogg-theora: a1e56fd34408186e4bbccfd4996cb3dc -> 
  custom:framework-win-MediaFoundation: 216162199b28c13a410421893ffa2e32 -> 
  custom:scripting/monoscript/fileName/oneTime.cs: effcfa5c784be164e17acf0a2aa0b7f0 -> 5287ae5edcafa21e974341620205cecd
  custom:video-encoder-webm-vp8: eb34c28f22e8b96e1ab97ce403110664 -> 
  custom:audio-decoder-ogg-vorbis: bf7c407c2cedff20999df2af8eb42d56 -> 
  custom:CustomObjectIndexerAttribute: 43b350a4d6e6d1791af0b5038c4bea17 -> 
  custom:container-demuxer-webm: 4f35f7cbe854078d1ac9338744f61a02 -> 
  custom:audio-encoder-webm-vorbis: bf7c407c2cedff20999df2af8eb42d56 -> 
  custom:container-muxer-webm: aa71ff27fc2769a1b78a27578f13a17b -> 
========================================================================
Received Import Request.
  Time since last request: 50154.167834 seconds.
  path: Assets/FirstLevel.unity
  artifactKey: Guid(c081dbd96b1713042b425eb869c9a4ea) Importer(815301076,1909f56bfc062723c751e8b465ee728b)
Start importing Assets/FirstLevel.unity using Guid(c081dbd96b1713042b425eb869c9a4ea) Importer(815301076,1909f56bfc062723c751e8b465ee728b)  -> (artifact id: '7199237272bc000d1211d6c0876d5c8c') in 0.002993 seconds
Number of updated asset objects reloaded before import = 0
Number of asset objects unloaded after import = 0
========================================================================
Received Prepare
Begin MonoManager ReloadAssembly
- Loaded All Assemblies, in  0.292 seconds
Refreshing native plugins compatible for Editor in 0.80 ms, found 0 plugins.
Native extension for UWP target not found
Native extension for WindowsStandalone target not found
Native extension for Android target not found
Mono: successfully reloaded assembly
- Finished resetting the current domain, in  0.530 seconds
Domain Reload Profiling: 821ms
	BeginReloadAssembly (126ms)
		ExecutionOrderSort (0ms)
		DisableScriptedObjects (5ms)
		BackupInstance (0ms)
		ReleaseScriptingObjects (0ms)
		CreateAndSetChildDomain (22ms)
	RebuildCommonClasses (28ms)
	RebuildNativeTypeToScriptingClass (9ms)
	initialDomainReloadingComplete (23ms)
	LoadAllAssembliesAndSetupDomain (103ms)
		LoadAssemblies (162ms)
		RebuildTransferFunctionScriptingTraits (0ms)
		AnalyzeDomain (10ms)
			TypeCache.Refresh (4ms)
				TypeCache.ScanAssembly (0ms)
			ScanForSourceGeneratedMonoScriptInfo (0ms)
			ResolveRequiredComponents (5ms)
	FinalizeReload (531ms)
		ReleaseScriptCaches (0ms)
		RebuildScriptCaches (0ms)
		SetupLoadedEditorAssemblies (255ms)
			LogAssemblyErrors (0ms)
			InitializePlatformSupportModulesInManaged (20ms)
			SetLoadedEditorAssemblies (2ms)
			RefreshPlugins (0ms)
			BeforeProcessingInitializeOnLoad (38ms)
			ProcessInitializeOnLoadAttributes (169ms)
			ProcessInitializeOnLoadMethodAttributes (21ms)
			AfterProcessingInitializeOnLoad (4ms)
			EditorAssembliesLoaded (0ms)
		ExecutionOrderSort2 (0ms)
		AwakeInstancesAfterBackupRestoration (6ms)
Refreshing native plugins compatible for Editor in 0.46 ms, found 0 plugins.
Preloading 0 native plugins for Editor in 0.00 ms.
Unloading 2211 Unused Serialized files (Serialized files now loaded: 0)
Unloading 56 unused Assets / (3.9 MB). Loaded Objects now: 2711.
Memory consumption went from 196.5 MB to 192.6 MB.
Total: 5.265300 ms (FindLiveObjects: 0.182700 ms CreateObjectMapping: 0.066800 ms MarkObjects: 3.320100 ms  DeleteObjects: 1.694100 ms)

Prepare: number of updated asset objects reloaded= 0
AssetImportParameters requested are different than current active one (requested -> active):
  custom:video-decoder-webm-vp8: 9c59270c3fd7afecdb556c50c9e8de78 -> 
  custom:SearchIndexIgnoredProperties: e643bd26f0fe6173181afceb89e7c659 -> 
  custom:container-demuxer-ogg: 62fdf1f143b41e24485cea50d1cbac27 -> 
  custom:AudioImporter_EditorPlatform: d09bf68614088b80899f8185d706f6e7 -> 
  custom:video-codec-MediaFoundation-h265: 746d11721c4dcdbdad8f713fa42b33f4 -> 
  custom:video-decoder-ogg-theora: a1e56fd34408186e4bbccfd4996cb3dc -> 
  custom:framework-win-MediaFoundation: 216162199b28c13a410421893ffa2e32 -> 
  custom:scripting/monoscript/fileName/oneTime.cs: effcfa5c784be164e17acf0a2aa0b7f0 -> 5287ae5edcafa21e974341620205cecd
  custom:video-encoder-webm-vp8: eb34c28f22e8b96e1ab97ce403110664 -> 
  custom:audio-decoder-ogg-vorbis: bf7c407c2cedff20999df2af8eb42d56 -> 
  custom:CustomObjectIndexerAttribute: 43b350a4d6e6d1791af0b5038c4bea17 -> 
  custom:container-demuxer-webm: 4f35f7cbe854078d1ac9338744f61a02 -> 
  custom:audio-encoder-webm-vorbis: bf7c407c2cedff20999df2af8eb42d56 -> 
  custom:container-muxer-webm: aa71ff27fc2769a1b78a27578f13a17b -> 
========================================================================
Received Import Request.
  Time since last request: 322.036963 seconds.
  path: Assets/ExampleScene.unity
  artifactKey: Guid(12dd7bb27c47ea1458c8d4ecd98af2cc) Importer(815301076,1909f56bfc062723c751e8b465ee728b)
Start importing Assets/ExampleScene.unity using Guid(12dd7bb27c47ea1458c8d4ecd98af2cc) Importer(815301076,1909f56bfc062723c751e8b465ee728b)  -> (artifact id: '40cead39801c982e1d4e87e30f90c5a3') in 0.004523 seconds
Number of updated asset objects reloaded before import = 0
Number of asset objects unloaded after import = 0
========================================================================
Received Import Request.
  Time since last request: 3.885573 seconds.
  path: Assets/Level1.unity
  artifactKey: Guid(9764b4f71d64d0543a46fbbd3a90e84c) Importer(815301076,1909f56bfc062723c751e8b465ee728b)
Start importing Assets/Level1.unity using Guid(9764b4f71d64d0543a46fbbd3a90e84c) Importer(815301076,1909f56bfc062723c751e8b465ee728b)  -> (artifact id: 'de73c8f2c029077b09e9b7084570b4dd') in 0.000549 seconds
Number of updated asset objects reloaded before import = 0
Number of asset objects unloaded after import = 0
========================================================================
Received Prepare
Begin MonoManager ReloadAssembly
- Loaded All Assemblies, in  0.290 seconds
Refreshing native plugins compatible for Editor in 0.49 ms, found 0 plugins.
Native extension for UWP target not found
Native extension for WindowsStandalone target not found
Native extension for Android target not found
Mono: successfully reloaded assembly
- Finished resetting the current domain, in  0.500 seconds
Domain Reload Profiling: 789ms
	BeginReloadAssembly (126ms)
		ExecutionOrderSort (0ms)
		DisableScriptedObjects (6ms)
		BackupInstance (0ms)
		ReleaseScriptingObjects (0ms)
		CreateAndSetChildDomain (24ms)
	RebuildCommonClasses (29ms)
	RebuildNativeTypeToScriptingClass (10ms)
	initialDomainReloadingComplete (20ms)
	LoadAllAssembliesAndSetupDomain (103ms)
		LoadAssemblies (161ms)
		RebuildTransferFunctionScriptingTraits (0ms)
		AnalyzeDomain (10ms)
			TypeCache.Refresh (4ms)
				TypeCache.ScanAssembly (0ms)
			ScanForSourceGeneratedMonoScriptInfo (0ms)
			ResolveRequiredComponents (5ms)
	FinalizeReload (501ms)
		ReleaseScriptCaches (0ms)
		RebuildScriptCaches (0ms)
		SetupLoadedEditorAssemblies (241ms)
			LogAssemblyErrors (0ms)
			InitializePlatformSupportModulesInManaged (19ms)
			SetLoadedEditorAssemblies (2ms)
			RefreshPlugins (0ms)
			BeforeProcessingInitializeOnLoad (39ms)
			ProcessInitializeOnLoadAttributes (156ms)
			ProcessInitializeOnLoadMethodAttributes (21ms)
			AfterProcessingInitializeOnLoad (4ms)
			EditorAssembliesLoaded (0ms)
		ExecutionOrderSort2 (0ms)
		AwakeInstancesAfterBackupRestoration (6ms)
Refreshing native plugins compatible for Editor in 0.41 ms, found 0 plugins.
Preloading 0 native plugins for Editor in 0.00 ms.
Unloading 2211 Unused Serialized files (Serialized files now loaded: 0)
Unloading 56 unused Assets / (3.9 MB). Loaded Objects now: 2726.
Memory consumption went from 198.4 MB to 194.5 MB.
Total: 3.863000 ms (FindLiveObjects: 0.175100 ms CreateObjectMapping: 0.057600 ms MarkObjects: 2.565300 ms  DeleteObjects: 1.063800 ms)

Prepare: number of updated asset objects reloaded= 0
AssetImportParameters requested are different than current active one (requested -> active):
  custom:video-decoder-webm-vp8: 9c59270c3fd7afecdb556c50c9e8de78 -> 
  custom:SearchIndexIgnoredProperties: e643bd26f0fe6173181afceb89e7c659 -> 
  custom:container-demuxer-ogg: 62fdf1f143b41e24485cea50d1cbac27 -> 
  custom:AudioImporter_EditorPlatform: d09bf68614088b80899f8185d706f6e7 -> 
  custom:video-codec-MediaFoundation-h265: 746d11721c4dcdbdad8f713fa42b33f4 -> 
  custom:video-decoder-ogg-theora: a1e56fd34408186e4bbccfd4996cb3dc -> 
  custom:framework-win-MediaFoundation: 216162199b28c13a410421893ffa2e32 -> 
  custom:scripting/monoscript/fileName/oneTime.cs: effcfa5c784be164e17acf0a2aa0b7f0 -> 5287ae5edcafa21e974341620205cecd
  custom:video-encoder-webm-vp8: eb34c28f22e8b96e1ab97ce403110664 -> 
  custom:audio-decoder-ogg-vorbis: bf7c407c2cedff20999df2af8eb42d56 -> 
  custom:CustomObjectIndexerAttribute: 43b350a4d6e6d1791af0b5038c4bea17 -> 
  custom:container-demuxer-webm: 4f35f7cbe854078d1ac9338744f61a02 -> 
  custom:audio-encoder-webm-vorbis: bf7c407c2cedff20999df2af8eb42d56 -> 
  custom:container-muxer-webm: aa71ff27fc2769a1b78a27578f13a17b -> 
========================================================================
Received Prepare
Begin MonoManager ReloadAssembly
- Loaded All Assemblies, in  0.297 seconds
Refreshing native plugins compatible for Editor in 0.43 ms, found 0 plugins.
Native extension for UWP target not found
Native extension for WindowsStandalone target not found
Native extension for Android target not found
Mono: successfully reloaded assembly
- Finished resetting the current domain, in  0.487 seconds
Domain Reload Profiling: 782ms
	BeginReloadAssembly (137ms)
		ExecutionOrderSort (0ms)
		DisableScriptedObjects (5ms)
		BackupInstance (0ms)
		ReleaseScriptingObjects (0ms)
		CreateAndSetChildDomain (24ms)
	RebuildCommonClasses (34ms)
	RebuildNativeTypeToScriptingClass (9ms)
	initialDomainReloadingComplete (21ms)
	LoadAllAssembliesAndSetupDomain (94ms)
		LoadAssemblies (162ms)
		RebuildTransferFunctionScriptingTraits (0ms)
		AnalyzeDomain (10ms)
			TypeCache.Refresh (4ms)
				TypeCache.ScanAssembly (0ms)
			ScanForSourceGeneratedMonoScriptInfo (0ms)
			ResolveRequiredComponents (5ms)
	FinalizeReload (487ms)
		ReleaseScriptCaches (0ms)
		RebuildScriptCaches (0ms)
		SetupLoadedEditorAssemblies (244ms)
			LogAssemblyErrors (0ms)
			InitializePlatformSupportModulesInManaged (20ms)
			SetLoadedEditorAssemblies (2ms)
			RefreshPlugins (0ms)
			BeforeProcessingInitializeOnLoad (39ms)
			ProcessInitializeOnLoadAttributes (150ms)
			ProcessInitializeOnLoadMethodAttributes (29ms)
			AfterProcessingInitializeOnLoad (4ms)
			EditorAssembliesLoaded (0ms)
		ExecutionOrderSort2 (0ms)
		AwakeInstancesAfterBackupRestoration (5ms)
Refreshing native plugins compatible for Editor in 0.42 ms, found 0 plugins.
Preloading 0 native plugins for Editor in 0.00 ms.
Unloading 2212 Unused Serialized files (Serialized files now loaded: 0)
Unloading 56 unused Assets / (3.9 MB). Loaded Objects now: 2741.
Memory consumption went from 200.6 MB to 196.7 MB.
Total: 3.896200 ms (FindLiveObjects: 0.185900 ms CreateObjectMapping: 0.081500 ms MarkObjects: 2.535000 ms  DeleteObjects: 1.092700 ms)

Prepare: number of updated asset objects reloaded= 0
AssetImportParameters requested are different than current active one (requested -> active):
  custom:video-decoder-webm-vp8: 9c59270c3fd7afecdb556c50c9e8de78 -> 
  custom:SearchIndexIgnoredProperties: e643bd26f0fe6173181afceb89e7c659 -> 
  custom:container-demuxer-ogg: 62fdf1f143b41e24485cea50d1cbac27 -> 
  custom:AudioImporter_EditorPlatform: d09bf68614088b80899f8185d706f6e7 -> 
  custom:video-codec-MediaFoundation-h265: 746d11721c4dcdbdad8f713fa42b33f4 -> 
  custom:video-decoder-ogg-theora: a1e56fd34408186e4bbccfd4996cb3dc -> 
  custom:framework-win-MediaFoundation: 216162199b28c13a410421893ffa2e32 -> 
  custom:scripting/monoscript/fileName/oneTime.cs: effcfa5c784be164e17acf0a2aa0b7f0 -> 5287ae5edcafa21e974341620205cecd
  custom:video-encoder-webm-vp8: eb34c28f22e8b96e1ab97ce403110664 -> 
  custom:audio-decoder-ogg-vorbis: bf7c407c2cedff20999df2af8eb42d56 -> 
  custom:CustomObjectIndexerAttribute: 43b350a4d6e6d1791af0b5038c4bea17 -> 
  custom:container-demuxer-webm: 4f35f7cbe854078d1ac9338744f61a02 -> 
  custom:audio-encoder-webm-vorbis: bf7c407c2cedff20999df2af8eb42d56 -> 
  custom:container-muxer-webm: aa71ff27fc2769a1b78a27578f13a17b -> 
========================================================================
Received Import Request.
  Time since last request: 216.615483 seconds.
  path: Assets/3DGamekitLite/Art/Materials/Effects/HealthCrateParticles.mat
  artifactKey: Guid(8dc06b0d129fb09468190a4365074f31) Importer(815301076,1909f56bfc062723c751e8b465ee728b)
Start importing Assets/3DGamekitLite/Art/Materials/Effects/HealthCrateParticles.mat using Guid(8dc06b0d129fb09468190a4365074f31) Importer(815301076,1909f56bfc062723c751e8b465ee728b)  -> (artifact id: '1cbf55bc55681bfaf8ded1c2b137afd0') in 0.072103 seconds
Number of updated asset objects reloaded before import = 0
Number of asset objects unloaded after import = 2
========================================================================
Received Import Request.
  Time since last request: 97.872940 seconds.
  path: Assets/Level1.unity
  artifactKey: Guid(9764b4f71d64d0543a46fbbd3a90e84c) Importer(815301076,1909f56bfc062723c751e8b465ee728b)
Start importing Assets/Level1.unity using Guid(9764b4f71d64d0543a46fbbd3a90e84c) Importer(815301076,1909f56bfc062723c751e8b465ee728b)  -> (artifact id: '35f8dcb96c30d8032abe5e7a80ca263c') in 0.000827 seconds
Number of updated asset objects reloaded before import = 0
Number of asset objects unloaded after import = 0
========================================================================
Received Import Request.
  Time since last request: 10.812207 seconds.
  path: Assets/3DGamekitLite/Art/Sprites/UI/HUD/EllenHealth.png
  artifactKey: Guid(fc49794cc535bef4f969645c4eb97b80) Importer(815301076,1909f56bfc062723c751e8b465ee728b)
Start importing Assets/3DGamekitLite/Art/Sprites/UI/HUD/EllenHealth.png using Guid(fc49794cc535bef4f969645c4eb97b80) Importer(815301076,1909f56bfc062723c751e8b465ee728b)  -> (artifact id: '82570bcae62eba49d72bac5db0f3955d') in 0.060196 seconds
Number of updated asset objects reloaded before import = 0
Number of asset objects unloaded after import = 11
========================================================================
Received Import Request.
  Time since last request: 0.000027 seconds.
  path: Assets/3DGamekitLite/Art/Sprites/UI/HUD/HealthIconMask.png
  artifactKey: Guid(0fc1f613ccfee624f80804d4702144e0) Importer(815301076,1909f56bfc062723c751e8b465ee728b)
Start importing Assets/3DGamekitLite/Art/Sprites/UI/HUD/HealthIconMask.png using Guid(0fc1f613ccfee624f80804d4702144e0) Importer(815301076,1909f56bfc062723c751e8b465ee728b)  -> (artifact id: '646a0344adc55c7d1a7e95ce618d75a7') in 0.014035 seconds
Number of updated asset objects reloaded before import = 0
Number of asset objects unloaded after import = 2
========================================================================
Received Import Request.
  Time since last request: 0.000109 seconds.
  path: Assets/3DGamekitLite/Audio/Interactables/HealthBoxes/Key_Pickup_Health_Box_Loop_01.ogg
  artifactKey: Guid(fb2c40716197a468d934e935b649bcda) Importer(815301076,1909f56bfc062723c751e8b465ee728b)
Start importing Assets/3DGamekitLite/Audio/Interactables/HealthBoxes/Key_Pickup_Health_Box_Loop_01.ogg using Guid(fb2c40716197a468d934e935b649bcda) Importer(815301076,1909f56bfc062723c751e8b465ee728b)  -> (artifact id: 'e830a32cbf57d071ceb195a168b8f0cd') in 0.101544 seconds
Number of updated asset objects reloaded before import = 0
Number of asset objects unloaded after import = 2
========================================================================
Received Import Request.
  Time since last request: 44.478407 seconds.
  path: Assets/3DGamekitLite/Art/Sprites/UI/HUD/Materials/EllenHealth.mat
  artifactKey: Guid(78ab931579970094890c188018933e22) Importer(815301076,1909f56bfc062723c751e8b465ee728b)
Start importing Assets/3DGamekitLite/Art/Sprites/UI/HUD/Materials/EllenHealth.mat using Guid(78ab931579970094890c188018933e22) Importer(815301076,1909f56bfc062723c751e8b465ee728b)  -> (artifact id: '8f45d39b06a04dfc0fc3a6e2f419db0f') in 0.014149 seconds
Number of updated asset objects reloaded before import = 0
Number of asset objects unloaded after import = 2
========================================================================
Received Import Request.
  Time since last request: 123.807965 seconds.
  path: Assets/3DGamekitLite/Art/Sprites/Utilities/BlankSprite.png
  artifactKey: Guid(f7b6513722649314d945ddac9e52b3ac) Importer(815301076,1909f56bfc062723c751e8b465ee728b)
Start importing Assets/3DGamekitLite/Art/Sprites/Utilities/BlankSprite.png using Guid(f7b6513722649314d945ddac9e52b3ac) Importer(815301076,1909f56bfc062723c751e8b465ee728b)  -> (artifact id: 'c2c3255b313253ddb09ba02c91c6ab08') in 0.025968 seconds
Number of updated asset objects reloaded before import = 0
Number of asset objects unloaded after import = 3
========================================================================
Received Import Request.
  Time since last request: 0.000018 seconds.
  path: Packages/com.unity.probuilder/Content/Icons/Tools/ShapeTool/on/Sprite.png
  artifactKey: Guid(697da9bd8aab3e74c9dd8fade1457ae5) Importer(815301076,1909f56bfc062723c751e8b465ee728b)
Start importing Packages/com.unity.probuilder/Content/Icons/Tools/ShapeTool/on/Sprite.png using Guid(697da9bd8aab3e74c9dd8fade1457ae5) Importer(815301076,1909f56bfc062723c751e8b465ee728b)  -> (artifact id: '72b198e89000b0bdc5d6a0f8eba6a441') in 0.014207 seconds
Number of updated asset objects reloaded before import = 0
Number of asset objects unloaded after import = 2
========================================================================
Received Import Request.
  Time since last request: 0.000015 seconds.
  path: Packages/com.unity.probuilder/Content/Icons/Tools/ShapeTool/Sprite_Light.png
  artifactKey: Guid(ead9ac35e4645134cac919aabeffe4b8) Importer(815301076,1909f56bfc062723c751e8b465ee728b)
Start importing Packages/com.unity.probuilder/Content/Icons/Tools/ShapeTool/Sprite_Light.png using Guid(ead9ac35e4645134cac919aabeffe4b8) Importer(815301076,1909f56bfc062723c751e8b465ee728b)  -> (artifact id: 'c11dc3873159946aa624aa780b9f230b') in 0.012665 seconds
Number of updated asset objects reloaded before import = 0
Number of asset objects unloaded after import = 2
========================================================================
Received Import Request.
  Time since last request: 0.000014 seconds.
  path: Packages/com.unity.2d.sprite/Editor/UI/SpriteEditor/SpriteEditor.uss
  artifactKey: Guid(fd3d7c275a0958b4fa0f26a0ee9b8481) Importer(815301076,1909f56bfc062723c751e8b465ee728b)
Start importing Packages/com.unity.2d.sprite/Editor/UI/SpriteEditor/SpriteEditor.uss using Guid(fd3d7c275a0958b4fa0f26a0ee9b8481) Importer(815301076,1909f56bfc062723c751e8b465ee728b)  -> (artifact id: '6f59e69743261f716ae7902288e84601') in 0.007046 seconds
Number of updated asset objects reloaded before import = 0
Number of asset objects unloaded after import = 1
========================================================================
Received Import Request.
  Time since last request: 0.000155 seconds.
  path: Packages/com.unity.2d.sprite/Editor/Assets/SpriteEditor@2x.png
  artifactKey: Guid(7013f35dfb10340ecbb956ca7e17de0d) Importer(815301076,1909f56bfc062723c751e8b465ee728b)
Start importing Packages/com.unity.2d.sprite/Editor/Assets/SpriteEditor@2x.png using Guid(7013f35dfb10340ecbb956ca7e17de0d) Importer(815301076,1909f56bfc062723c751e8b465ee728b)  -> (artifact id: 'bfe84a835dffa2721b6fe8b76e14c9a0') in 0.014328 seconds
Number of updated asset objects reloaded before import = 0
Number of asset objects unloaded after import = 2
========================================================================
Received Import Request.
  Time since last request: 0.000067 seconds.
  path: Packages/com.unity.2d.sprite/Editor/Assets/SpriteEditorOn@2x.png
  artifactKey: Guid(1fb0e05a5ca5a42ba8ffafe439520b8e) Importer(815301076,1909f56bfc062723c751e8b465ee728b)
Start importing Packages/com.unity.2d.sprite/Editor/Assets/SpriteEditorOn@2x.png using Guid(1fb0e05a5ca5a42ba8ffafe439520b8e) Importer(815301076,1909f56bfc062723c751e8b465ee728b)  -> (artifact id: 'ce597c24168dcacfa4291eddfb5dcfbc') in 0.013774 seconds
Number of updated asset objects reloaded before import = 0
Number of asset objects unloaded after import = 2
========================================================================
Received Import Request.
  Time since last request: 0.000021 seconds.
  path: Packages/com.unity.probuilder/Content/Icons/Tools/ShapeTool/Sprite.png
  artifactKey: Guid(9d971e1338f705046a6f346777dbf801) Importer(815301076,1909f56bfc062723c751e8b465ee728b)
Start importing Packages/com.unity.probuilder/Content/Icons/Tools/ShapeTool/Sprite.png using Guid(9d971e1338f705046a6f346777dbf801) Importer(815301076,1909f56bfc062723c751e8b465ee728b)  -> (artifact id: '997b4cbe3951356ccf2331288c446c70') in 0.013430 seconds
Number of updated asset objects reloaded before import = 0
Number of asset objects unloaded after import = 2
========================================================================
Received Import Request.
  Time since last request: 1.120023 seconds.
  path: Packages/com.unity.2d.sprite/Editor/UI/SpriteEditor/SpriteFrameModuleInspector.uxml
  artifactKey: Guid(d02b5650e6e0b4c45ab18d5a1d1fce97) Importer(815301076,1909f56bfc062723c751e8b465ee728b)
Start importing Packages/com.unity.2d.sprite/Editor/UI/SpriteEditor/SpriteFrameModuleInspector.uxml using Guid(d02b5650e6e0b4c45ab18d5a1d1fce97) Importer(815301076,1909f56bfc062723c751e8b465ee728b)  -> (artifact id: '28d412ac92e0fd868aa8e7c6f6735223') in 0.004512 seconds
Number of updated asset objects reloaded before import = 0
Number of asset objects unloaded after import = 2
========================================================================
Received Import Request.
  Time since last request: 0.497765 seconds.
  path: Packages/com.unity.textmeshpro/Editor Resources/Gizmos/TMP - Sprite Asset Icon.psd
  artifactKey: Guid(ec7c645d93308c04d8840982af12101e) Importer(815301076,1909f56bfc062723c751e8b465ee728b)
Start importing Packages/com.unity.textmeshpro/Editor Resources/Gizmos/TMP - Sprite Asset Icon.psd using Guid(ec7c645d93308c04d8840982af12101e) Importer(815301076,1909f56bfc062723c751e8b465ee728b)  -> (artifact id: 'acd90b0fdff8791b36090d81cfb8943f') in 0.022584 seconds
Number of updated asset objects reloaded before import = 0
Number of asset objects unloaded after import = 2
========================================================================
Received Import Request.
  Time since last request: 0.347800 seconds.
  path: Packages/com.unity.2d.sprite/Editor/Unity.2D.Sprite.Editor.asmdef
  artifactKey: Guid(2c573e6b271651846a79655161004c5b) Importer(815301076,1909f56bfc062723c751e8b465ee728b)
Start importing Packages/com.unity.2d.sprite/Editor/Unity.2D.Sprite.Editor.asmdef using Guid(2c573e6b271651846a79655161004c5b) Importer(815301076,1909f56bfc062723c751e8b465ee728b)  -> (artifact id: '6f9dd0502afdd95c72fce7ea978d4433') in 0.000705 seconds
Number of updated asset objects reloaded before import = 0
Number of asset objects unloaded after import = 0
========================================================================
Received Import Request.
  Time since last request: 0.003323 seconds.
  path: Packages/com.unity.2d.sprite/Tests/Editor/Unity.2D.Sprite.Package.EditorTests.asmdef
  artifactKey: Guid(52648b72c7bef2040bf0cfa8dd0f74da) Importer(815301076,1909f56bfc062723c751e8b465ee728b)
Start importing Packages/com.unity.2d.sprite/Tests/Editor/Unity.2D.Sprite.Package.EditorTests.asmdef using Guid(52648b72c7bef2040bf0cfa8dd0f74da) Importer(815301076,1909f56bfc062723c751e8b465ee728b)  -> (artifact id: '9a07ebfe0d8086a5d1a5f97c8333dbc1') in 0.000538 seconds
Number of updated asset objects reloaded before import = 0
Number of asset objects unloaded after import = 0
========================================================================
Received Import Request.
  Time since last request: 342.372870 seconds.
  path: Assets/Level1.unity
  artifactKey: Guid(9764b4f71d64d0543a46fbbd3a90e84c) Importer(815301076,1909f56bfc062723c751e8b465ee728b)
Start importing Assets/Level1.unity using Guid(9764b4f71d64d0543a46fbbd3a90e84c) Importer(815301076,1909f56bfc062723c751e8b465ee728b)  -> (artifact id: 'e00fad5fb84c5ac87f57aaa40aab5a81') in 0.000779 seconds
Number of updated asset objects reloaded before import = 0
Number of asset objects unloaded after import = 0
========================================================================
Received Prepare
Begin MonoManager ReloadAssembly
- Loaded All Assemblies, in  0.293 seconds
Refreshing native plugins compatible for Editor in 0.43 ms, found 0 plugins.
Native extension for UWP target not found
Native extension for WindowsStandalone target not found
Native extension for Android target not found
Mono: successfully reloaded assembly
- Finished resetting the current domain, in  0.506 seconds
Domain Reload Profiling: 797ms
	BeginReloadAssembly (129ms)
		ExecutionOrderSort (0ms)
		DisableScriptedObjects (5ms)
		BackupInstance (0ms)
		ReleaseScriptingObjects (0ms)
		CreateAndSetChildDomain (27ms)
	RebuildCommonClasses (30ms)
	RebuildNativeTypeToScriptingClass (9ms)
	initialDomainReloadingComplete (20ms)
	LoadAllAssembliesAndSetupDomain (103ms)
		LoadAssemblies (159ms)
		RebuildTransferFunctionScriptingTraits (0ms)
		AnalyzeDomain (10ms)
			TypeCache.Refresh (4ms)
				TypeCache.ScanAssembly (0ms)
			ScanForSourceGeneratedMonoScriptInfo (0ms)
			ResolveRequiredComponents (5ms)
	FinalizeReload (506ms)
		ReleaseScriptCaches (0ms)
		RebuildScriptCaches (0ms)
		SetupLoadedEditorAssemblies (237ms)
			LogAssemblyErrors (0ms)
			InitializePlatformSupportModulesInManaged (21ms)
			SetLoadedEditorAssemblies (2ms)
			RefreshPlugins (0ms)
			BeforeProcessingInitializeOnLoad (39ms)
			ProcessInitializeOnLoadAttributes (148ms)
			ProcessInitializeOnLoadMethodAttributes (23ms)
			AfterProcessingInitializeOnLoad (4ms)
			EditorAssembliesLoaded (0ms)
		ExecutionOrderSort2 (0ms)
		AwakeInstancesAfterBackupRestoration (6ms)
Refreshing native plugins compatible for Editor in 0.44 ms, found 0 plugins.
Preloading 0 native plugins for Editor in 0.00 ms.
Unloading 2211 Unused Serialized files (Serialized files now loaded: 0)
Unloading 56 unused Assets / (3.9 MB). Loaded Objects now: 2804.
Memory consumption went from 201.9 MB to 198.1 MB.
Total: 4.160100 ms (FindLiveObjects: 0.254200 ms CreateObjectMapping: 0.072900 ms MarkObjects: 2.540500 ms  DeleteObjects: 1.290900 ms)

Prepare: number of updated asset objects reloaded= 0
AssetImportParameters requested are different than current active one (requested -> active):
  custom:video-decoder-webm-vp8: 9c59270c3fd7afecdb556c50c9e8de78 -> 
  custom:SearchIndexIgnoredProperties: e643bd26f0fe6173181afceb89e7c659 -> 
  custom:container-demuxer-ogg: 62fdf1f143b41e24485cea50d1cbac27 -> 
  custom:AudioImporter_EditorPlatform: d09bf68614088b80899f8185d706f6e7 -> 
  custom:video-codec-MediaFoundation-h265: 746d11721c4dcdbdad8f713fa42b33f4 -> 
  custom:video-decoder-ogg-theora: a1e56fd34408186e4bbccfd4996cb3dc -> 
  custom:framework-win-MediaFoundation: 216162199b28c13a410421893ffa2e32 -> 
  custom:scripting/monoscript/fileName/oneTime.cs: effcfa5c784be164e17acf0a2aa0b7f0 -> 5287ae5edcafa21e974341620205cecd
  custom:video-encoder-webm-vp8: eb34c28f22e8b96e1ab97ce403110664 -> 
  custom:audio-decoder-ogg-vorbis: bf7c407c2cedff20999df2af8eb42d56 -> 
  custom:CustomObjectIndexerAttribute: 43b350a4d6e6d1791af0b5038c4bea17 -> 
  custom:container-demuxer-webm: 4f35f7cbe854078d1ac9338744f61a02 -> 
  custom:audio-encoder-webm-vorbis: bf7c407c2cedff20999df2af8eb42d56 -> 
  custom:container-muxer-webm: aa71ff27fc2769a1b78a27578f13a17b -> 
========================================================================
Received Prepare
Begin MonoManager ReloadAssembly
- Loaded All Assemblies, in  0.280 seconds
Refreshing native plugins compatible for Editor in 0.60 ms, found 0 plugins.
Native extension for UWP target not found
Native extension for WindowsStandalone target not found
Native extension for Android target not found
Mono: successfully reloaded assembly
- Finished resetting the current domain, in  0.494 seconds
Domain Reload Profiling: 773ms
	BeginReloadAssembly (121ms)
		ExecutionOrderSort (0ms)
		DisableScriptedObjects (5ms)
		BackupInstance (0ms)
		ReleaseScriptingObjects (0ms)
		CreateAndSetChildDomain (23ms)
	RebuildCommonClasses (28ms)
	RebuildNativeTypeToScriptingClass (9ms)
	initialDomainReloadingComplete (23ms)
	LoadAllAssembliesAndSetupDomain (98ms)
		LoadAssemblies (152ms)
		RebuildTransferFunctionScriptingTraits (0ms)
		AnalyzeDomain (11ms)
			TypeCache.Refresh (4ms)
				TypeCache.ScanAssembly (0ms)
			ScanForSourceGeneratedMonoScriptInfo (0ms)
			ResolveRequiredComponents (5ms)
	FinalizeReload (495ms)
		ReleaseScriptCaches (0ms)
		RebuildScriptCaches (0ms)
		SetupLoadedEditorAssemblies (232ms)
			LogAssemblyErrors (0ms)
			InitializePlatformSupportModulesInManaged (18ms)
			SetLoadedEditorAssemblies (2ms)
			RefreshPlugins (0ms)
			BeforeProcessingInitializeOnLoad (38ms)
			ProcessInitializeOnLoadAttributes (147ms)
			ProcessInitializeOnLoadMethodAttributes (22ms)
			AfterProcessingInitializeOnLoad (4ms)
			EditorAssembliesLoaded (0ms)
		ExecutionOrderSort2 (0ms)
		AwakeInstancesAfterBackupRestoration (6ms)
Refreshing native plugins compatible for Editor in 0.44 ms, found 0 plugins.
Preloading 0 native plugins for Editor in 0.00 ms.
Unloading 2212 Unused Serialized files (Serialized files now loaded: 0)
Unloading 56 unused Assets / (3.9 MB). Loaded Objects now: 2819.
Memory consumption went from 204.0 MB to 200.1 MB.
Total: 3.742800 ms (FindLiveObjects: 0.251700 ms CreateObjectMapping: 0.086100 ms MarkObjects: 2.225800 ms  DeleteObjects: 1.177900 ms)

Prepare: number of updated asset objects reloaded= 0
AssetImportParameters requested are different than current active one (requested -> active):
  custom:video-decoder-webm-vp8: 9c59270c3fd7afecdb556c50c9e8de78 -> 
  custom:SearchIndexIgnoredProperties: e643bd26f0fe6173181afceb89e7c659 -> 
  custom:container-demuxer-ogg: 62fdf1f143b41e24485cea50d1cbac27 -> 
  custom:AudioImporter_EditorPlatform: d09bf68614088b80899f8185d706f6e7 -> 
  custom:video-codec-MediaFoundation-h265: 746d11721c4dcdbdad8f713fa42b33f4 -> 
  custom:video-decoder-ogg-theora: a1e56fd34408186e4bbccfd4996cb3dc -> 
  custom:framework-win-MediaFoundation: 216162199b28c13a410421893ffa2e32 -> 
  custom:scripting/monoscript/fileName/oneTime.cs: effcfa5c784be164e17acf0a2aa0b7f0 -> 5287ae5edcafa21e974341620205cecd
  custom:video-encoder-webm-vp8: eb34c28f22e8b96e1ab97ce403110664 -> 
  custom:audio-decoder-ogg-vorbis: bf7c407c2cedff20999df2af8eb42d56 -> 
  custom:CustomObjectIndexerAttribute: 43b350a4d6e6d1791af0b5038c4bea17 -> 
  custom:container-demuxer-webm: 4f35f7cbe854078d1ac9338744f61a02 -> 
  custom:audio-encoder-webm-vorbis: bf7c407c2cedff20999df2af8eb42d56 -> 
  custom:container-muxer-webm: aa71ff27fc2769a1b78a27578f13a17b -> 
========================================================================
Received Import Request.
  Time since last request: 298.378695 seconds.
  path: Assets/3DGamekitLite/Localization/EnglishInformationPoints.asset
  artifactKey: Guid(899297ab1f956a94093157cb24051fb1) Importer(815301076,1909f56bfc062723c751e8b465ee728b)
Start importing Assets/3DGamekitLite/Localization/EnglishInformationPoints.asset using Guid(899297ab1f956a94093157cb24051fb1) Importer(815301076,1909f56bfc062723c751e8b465ee728b)  -> (artifact id: 'ef1c460d11677508a5db8664f3fa2297') in 0.014702 seconds
Number of updated asset objects reloaded before import = 0
Number of asset objects unloaded after import = 1
========================================================================
Received Import Request.
  Time since last request: 41.629231 seconds.
  path: Assets/3DGamekitLite/Art/Materials/Interactables/Acid.mat
  artifactKey: Guid(200ee9888db3e7145a31185ba6a0bdf2) Importer(815301076,1909f56bfc062723c751e8b465ee728b)
Start importing Assets/3DGamekitLite/Art/Materials/Interactables/Acid.mat using Guid(200ee9888db3e7145a31185ba6a0bdf2) Importer(815301076,1909f56bfc062723c751e8b465ee728b)  -> (artifact id: '935c5ce47a043811f97f74a071aee3c2') in 0.079149 seconds
Number of updated asset objects reloaded before import = 0
Number of asset objects unloaded after import = 1
========================================================================
Received Import Request.
  Time since last request: 0.000047 seconds.
  path: Assets/3DGamekitLite/Art/Materials/Interactables/DestructableBox.mat
  artifactKey: Guid(70bbbafb8fc3c5142b21f29a35510495) Importer(815301076,1909f56bfc062723c751e8b465ee728b)
Start importing Assets/3DGamekitLite/Art/Materials/Interactables/DestructableBox.mat using Guid(70bbbafb8fc3c5142b21f29a35510495) Importer(815301076,1909f56bfc062723c751e8b465ee728b)  -> (artifact id: '8b99bc9111abcc746eb89760b1ee8e92') in 0.018689 seconds
Number of updated asset objects reloaded before import = 0
Number of asset objects unloaded after import = 2
========================================================================
Received Import Request.
  Time since last request: 0.000035 seconds.
  path: Assets/3DGamekitLite/Art/Materials/Interactables/Door.mat
  artifactKey: Guid(86760222214270d469faea8c356cc4f9) Importer(815301076,1909f56bfc062723c751e8b465ee728b)
Start importing Assets/3DGamekitLite/Art/Materials/Interactables/Door.mat using Guid(86760222214270d469faea8c356cc4f9) Importer(815301076,1909f56bfc062723c751e8b465ee728b)  -> (artifact id: 'ab72bb7e6396d540728115872ea577e3') in 0.024472 seconds
Number of updated asset objects reloaded before import = 0
Number of asset objects unloaded after import = 2
========================================================================
Received Import Request.
  Time since last request: 0.000116 seconds.
  path: Assets/3DGamekitLite/Art/Materials/Interactables/Water.mat
  artifactKey: Guid(b6ab7e6b45e5ab443849c45764360b2a) Importer(815301076,1909f56bfc062723c751e8b465ee728b)
Start importing Assets/3DGamekitLite/Art/Materials/Interactables/Water.mat using Guid(b6ab7e6b45e5ab443849c45764360b2a) Importer(815301076,1909f56bfc062723c751e8b465ee728b)  -> (artifact id: 'c8f580954f119f23531107868df28ce7') in 0.012874 seconds
Number of updated asset objects reloaded before import = 0
Number of asset objects unloaded after import = 1
========================================================================
Received Import Request.
  Time since last request: 17.203566 seconds.
  path: Assets/Level1.unity
  artifactKey: Guid(9764b4f71d64d0543a46fbbd3a90e84c) Importer(815301076,1909f56bfc062723c751e8b465ee728b)
Start importing Assets/Level1.unity using Guid(9764b4f71d64d0543a46fbbd3a90e84c) Importer(815301076,1909f56bfc062723c751e8b465ee728b)  -> (artifact id: '36c6849a718e6081b8de751829fd2920') in 0.000534 seconds
Number of updated asset objects reloaded before import = 0
Number of asset objects unloaded after import = 0
========================================================================
Received Import Request.
  Time since last request: 44.778841 seconds.
  path: Assets/Level1.unity
  artifactKey: Guid(9764b4f71d64d0543a46fbbd3a90e84c) Importer(815301076,1909f56bfc062723c751e8b465ee728b)
Start importing Assets/Level1.unity using Guid(9764b4f71d64d0543a46fbbd3a90e84c) Importer(815301076,1909f56bfc062723c751e8b465ee728b)  -> (artifact id: '291a422b73ae93e1f7b610235bcf3c7d') in 0.000509 seconds
Number of updated asset objects reloaded before import = 0
Number of asset objects unloaded after import = 0
========================================================================
Received Import Request.
  Time since last request: 43.239844 seconds.
  path: Packages/com.unity.probuilder/Content/Icons/Scripts/MeshFilter Icon.asset
  artifactKey: Guid(432b3086cebdc438d9d33de3669fb063) Importer(815301076,1909f56bfc062723c751e8b465ee728b)
Start importing Packages/com.unity.probuilder/Content/Icons/Scripts/MeshFilter Icon.asset using Guid(432b3086cebdc438d9d33de3669fb063) Importer(815301076,1909f56bfc062723c751e8b465ee728b)  -> (artifact id: '8f1522744465b97b9819217a43624490') in 0.032573 seconds
Number of updated asset objects reloaded before import = 0
Number of asset objects unloaded after import = 2
========================================================================
Received Import Request.
  Time since last request: 3.072906 seconds.
  path: Packages/com.unity.probuilder/Content/Icons/Toolbar/Mode_Object.png
  artifactKey: Guid(3cfa89a4662de4f0898745f39286b955) Importer(815301076,1909f56bfc062723c751e8b465ee728b)
Start importing Packages/com.unity.probuilder/Content/Icons/Toolbar/Mode_Object.png using Guid(3cfa89a4662de4f0898745f39286b955) Importer(815301076,1909f56bfc062723c751e8b465ee728b)  -> (artifact id: '9db02adfbf9e52e35c3a1120ee4ebc38') in 0.016435 seconds
Number of updated asset objects reloaded before import = 0
Number of asset objects unloaded after import = 2
========================================================================
Received Import Request.
  Time since last request: 0.000122 seconds.
  path: Packages/com.unity.probuilder/Content/Icons/Modes/Mode_Object_Light.png
  artifactKey: Guid(5983a109090b74768ae1ff37dd65b0c9) Importer(815301076,1909f56bfc062723c751e8b465ee728b)
Start importing Packages/com.unity.probuilder/Content/Icons/Modes/Mode_Object_Light.png using Guid(5983a109090b74768ae1ff37dd65b0c9) Importer(815301076,1909f56bfc062723c751e8b465ee728b)  -> (artifact id: 'a8b8f189b98cf080913934b6c2826495') in 0.013113 seconds
Number of updated asset objects reloaded before import = 0
Number of asset objects unloaded after import = 2
========================================================================
Received Import Request.
  Time since last request: 0.000051 seconds.
  path: Packages/com.unity.probuilder/Content/Icons/Modes/Mode_Object@2x.png
  artifactKey: Guid(30701f27267a5d547b4dacad1e223fe3) Importer(815301076,1909f56bfc062723c751e8b465ee728b)
Start importing Packages/com.unity.probuilder/Content/Icons/Modes/Mode_Object@2x.png using Guid(30701f27267a5d547b4dacad1e223fe3) Importer(815301076,1909f56bfc062723c751e8b465ee728b)  -> (artifact id: '00fea0c240ccd68960965082fd4d2201') in 0.012376 seconds
Number of updated asset objects reloaded before import = 0
Number of asset objects unloaded after import = 2
========================================================================
Received Import Request.
  Time since last request: 0.000016 seconds.
  path: Packages/com.unity.probuilder/Content/Icons/Toolbar/Object_Export_disabled.png
  artifactKey: Guid(debe6a77aa48245eb9a87e54e3c1d3cb) Importer(815301076,1909f56bfc062723c751e8b465ee728b)
Start importing Packages/com.unity.probuilder/Content/Icons/Toolbar/Object_Export_disabled.png using Guid(debe6a77aa48245eb9a87e54e3c1d3cb) Importer(815301076,1909f56bfc062723c751e8b465ee728b)  -> (artifact id: '4fed19da9a9fb8852b4ff40cac688753') in 0.013271 seconds
Number of updated asset objects reloaded before import = 0
Number of asset objects unloaded after import = 2
========================================================================
Received Import Request.
  Time since last request: 0.000042 seconds.
  path: Packages/com.unity.probuilder/Content/Icons/Toolbar/Object_FlipNormals.png
  artifactKey: Guid(f92a3f288555044279199c3a1134e80d) Importer(815301076,1909f56bfc062723c751e8b465ee728b)
Start importing Packages/com.unity.probuilder/Content/Icons/Toolbar/Object_FlipNormals.png using Guid(f92a3f288555044279199c3a1134e80d) Importer(815301076,1909f56bfc062723c751e8b465ee728b)  -> (artifact id: '85ca246ca0978255c11fa286d40788c2') in 0.012341 seconds
Number of updated asset objects reloaded before import = 0
Number of asset objects unloaded after import = 2
========================================================================
Received Import Request.
  Time since last request: 0.000031 seconds.
  path: Packages/com.unity.probuilder/Content/Icons/Toolbar/Object_Merge.png
  artifactKey: Guid(3dd24ef03b33b4f789b5e5869a8f175c) Importer(815301076,1909f56bfc062723c751e8b465ee728b)
Start importing Packages/com.unity.probuilder/Content/Icons/Toolbar/Object_Merge.png using Guid(3dd24ef03b33b4f789b5e5869a8f175c) Importer(815301076,1909f56bfc062723c751e8b465ee728b)  -> (artifact id: 'cc20d8ca6b00c24c65801192d31edebd') in 0.014576 seconds
Number of updated asset objects reloaded before import = 0
Number of asset objects unloaded after import = 2
========================================================================
Received Import Request.
  Time since last request: 0.000052 seconds.
  path: Packages/com.unity.probuilder/Content/Icons/Modes/Mode_Object_Light@2x.png
  artifactKey: Guid(7ec50ad479ddc954e86348e5b760deda) Importer(815301076,1909f56bfc062723c751e8b465ee728b)
Start importing Packages/com.unity.probuilder/Content/Icons/Modes/Mode_Object_Light@2x.png using Guid(7ec50ad479ddc954e86348e5b760deda) Importer(815301076,1909f56bfc062723c751e8b465ee728b)  -> (artifact id: '350014daa5c36011f5169c9b4ee3a93c') in 0.013484 seconds
Number of updated asset objects reloaded before import = 0
Number of asset objects unloaded after import = 2
========================================================================
Received Import Request.
  Time since last request: 0.000181 seconds.
  path: Packages/com.unity.probuilder/Content/Icons/Toolbar/Object_Mirror_disabled.png
  artifactKey: Guid(23809919cfbb5422c8c41a5ab9109723) Importer(815301076,1909f56bfc062723c751e8b465ee728b)
Start importing Packages/com.unity.probuilder/Content/Icons/Toolbar/Object_Mirror_disabled.png using Guid(23809919cfbb5422c8c41a5ab9109723) Importer(815301076,1909f56bfc062723c751e8b465ee728b)  -> (artifact id: '3200af776b4a2e6607652e369e533395') in 0.018487 seconds
Number of updated asset objects reloaded before import = 0
Number of asset objects unloaded after import = 2
========================================================================
Received Import Request.
  Time since last request: 0.000021 seconds.
  path: Packages/com.unity.probuilder/Content/Icons/Toolbar/Object_Merge_disabled.png
  artifactKey: Guid(c07b62d30e3124a66bca5735d1cbb0d9) Importer(815301076,1909f56bfc062723c751e8b465ee728b)
Start importing Packages/com.unity.probuilder/Content/Icons/Toolbar/Object_Merge_disabled.png using Guid(c07b62d30e3124a66bca5735d1cbb0d9) Importer(815301076,1909f56bfc062723c751e8b465ee728b)  -> (artifact id: '5b09bfccd75510ce4ec4537611c98928') in 0.013773 seconds
Number of updated asset objects reloaded before import = 0
Number of asset objects unloaded after import = 2
========================================================================
Received Import Request.
  Time since last request: 2.440581 seconds.
  path: Packages/com.unity.probuilder/Content/Icons/Toolbar/Object_ProBuilderize.png
  artifactKey: Guid(aa758a88ed4a5404fa8b0827990c1469) Importer(815301076,1909f56bfc062723c751e8b465ee728b)
Start importing Packages/com.unity.probuilder/Content/Icons/Toolbar/Object_ProBuilderize.png using Guid(aa758a88ed4a5404fa8b0827990c1469) Importer(815301076,1909f56bfc062723c751e8b465ee728b)  -> (artifact id: '47b401d47ea62d30c5e5a87d9345b405') in 0.013692 seconds
Number of updated asset objects reloaded before import = 0
Number of asset objects unloaded after import = 2
========================================================================
Received Import Request.
  Time since last request: 0.000065 seconds.
  path: Packages/com.unity.probuilder/Content/Icons/Toolbar/Object_Subdivide.png
  artifactKey: Guid(241e08ff056bb40ea90eeb5745c045f8) Importer(815301076,1909f56bfc062723c751e8b465ee728b)
Start importing Packages/com.unity.probuilder/Content/Icons/Toolbar/Object_Subdivide.png using Guid(241e08ff056bb40ea90eeb5745c045f8) Importer(815301076,1909f56bfc062723c751e8b465ee728b)  -> (artifact id: '920a028526a4b1ea1a85d2fcd47a54c8') in 0.013267 seconds
Number of updated asset objects reloaded before import = 0
Number of asset objects unloaded after import = 2
========================================================================
Received Import Request.
  Time since last request: 0.000027 seconds.
  path: Packages/com.unity.probuilder/Content/Icons/Toolbar/Object_Triangulate_disabled.png
  artifactKey: Guid(31913ad76661a4a7ab667ceabd697359) Importer(815301076,1909f56bfc062723c751e8b465ee728b)
Start importing Packages/com.unity.probuilder/Content/Icons/Toolbar/Object_Triangulate_disabled.png using Guid(31913ad76661a4a7ab667ceabd697359) Importer(815301076,1909f56bfc062723c751e8b465ee728b)  -> (artifact id: '0abe0a346b7f391d2deb2936a95283fa') in 0.013956 seconds
Number of updated asset objects reloaded before import = 0
Number of asset objects unloaded after import = 2
========================================================================
Received Import Request.
  Time since last request: 0.058275 seconds.
  path: Packages/com.unity.probuilder/Content/Icons/Toolbar/Pivot_CenterOnObject.png
  artifactKey: Guid(7c1124a3b675b412e9b6f303869a1f61) Importer(815301076,1909f56bfc062723c751e8b465ee728b)
Start importing Packages/com.unity.probuilder/Content/Icons/Toolbar/Pivot_CenterOnObject.png using Guid(7c1124a3b675b412e9b6f303869a1f61) Importer(815301076,1909f56bfc062723c751e8b465ee728b)  -> (artifact id: '27e9e0a1f57f0917299c1eaec658680d') in 0.013620 seconds
Number of updated asset objects reloaded before import = 0
Number of asset objects unloaded after import = 2
========================================================================
Received Import Request.
  Time since last request: 3.513402 seconds.
  path: Packages/com.unity.cinemachine/Editor/EditorResources/Handles/Light/TrackedObjectOffset.png
  artifactKey: Guid(b880c0b2ad1ba404391179484fbf51bf) Importer(815301076,1909f56bfc062723c751e8b465ee728b)
Start importing Packages/com.unity.cinemachine/Editor/EditorResources/Handles/Light/TrackedObjectOffset.png using Guid(b880c0b2ad1ba404391179484fbf51bf) Importer(815301076,1909f56bfc062723c751e8b465ee728b)  -> (artifact id: '32edabee2ce4e41888ad54aae4d5c3a6') in 0.015859 seconds
Number of updated asset objects reloaded before import = 0
Number of asset objects unloaded after import = 2
========================================================================
Received Import Request.
  Time since last request: 0.000019 seconds.
  path: Packages/com.unity.cinemachine/Editor/EditorResources/Handles/Dark-Selected/TrackedObjectOffset.png
  artifactKey: Guid(abf5fad07c5e3473192deab2278caf13) Importer(815301076,1909f56bfc062723c751e8b465ee728b)
Start importing Packages/com.unity.cinemachine/Editor/EditorResources/Handles/Dark-Selected/TrackedObjectOffset.png using Guid(abf5fad07c5e3473192deab2278caf13) Importer(815301076,1909f56bfc062723c751e8b465ee728b)  -> (artifact id: 'a0f5ec3e03a64aeb00d766a6a2201274') in 0.012681 seconds
Number of updated asset objects reloaded before import = 0
Number of asset objects unloaded after import = 2
========================================================================
Received Import Request.
  Time since last request: 2.961315 seconds.
  path: Assets/3DGamekitLite/Art/Models/Characters/Spitter/Spitter.fbx
  artifactKey: Guid(3a3cea986292c2445a02c973a48c7e8b) Importer(815301076,1909f56bfc062723c751e8b465ee728b)
Start importing Assets/3DGamekitLite/Art/Models/Characters/Spitter/Spitter.fbx using Guid(3a3cea986292c2445a02c973a48c7e8b) Importer(815301076,1909f56bfc062723c751e8b465ee728b)  -> (artifact id: 'a182d9b0b85241a7b7e318caae3df75d') in 0.089541 seconds
Number of updated asset objects reloaded before import = 0
Number of asset objects unloaded after import = 215
========================================================================
Received Import Request.
  Time since last request: 34.705212 seconds.
  path: Assets/Level1.unity
  artifactKey: Guid(9764b4f71d64d0543a46fbbd3a90e84c) Importer(815301076,1909f56bfc062723c751e8b465ee728b)
Start importing Assets/Level1.unity using Guid(9764b4f71d64d0543a46fbbd3a90e84c) Importer(815301076,1909f56bfc062723c751e8b465ee728b)  -> (artifact id: '82fba8664abf90c1e184dbfffced3018') in 0.000871 seconds
Number of updated asset objects reloaded before import = 0
Number of asset objects unloaded after import = 0
========================================================================
Received Import Request.
  Time since last request: 17.079008 seconds.
  path: Assets/Packages/TextMesh Pro/Fonts/Rajdhani-SemiBold SDF UIButton.mat
  artifactKey: Guid(c64de538f27a5b342a025d5db50d19cc) Importer(815301076,1909f56bfc062723c751e8b465ee728b)
Start importing Assets/Packages/TextMesh Pro/Fonts/Rajdhani-SemiBold SDF UIButton.mat using Guid(c64de538f27a5b342a025d5db50d19cc) Importer(815301076,1909f56bfc062723c751e8b465ee728b)  -> (artifact id: '9b2de89cde0bb9d4a53af4ea87373247') in 0.038078 seconds
Number of updated asset objects reloaded before import = 0
Number of asset objects unloaded after import = 2
========================================================================
Received Import Request.
  Time since last request: 1.387857 seconds.
  path: Packages/com.unity.cinemachine/Editor/EditorResources/Cinemachine_header.tif
  artifactKey: Guid(372fe04232d5ed94d8d71524616c1543) Importer(815301076,1909f56bfc062723c751e8b465ee728b)
Start importing Packages/com.unity.cinemachine/Editor/EditorResources/Cinemachine_header.tif using Guid(372fe04232d5ed94d8d71524616c1543) Importer(815301076,1909f56bfc062723c751e8b465ee728b)  -> (artifact id: 'af468730caf3eaffc785a83bef0c6f45') in 0.014939 seconds
Number of updated asset objects reloaded before import = 0
Number of asset objects unloaded after import = 2
========================================================================
Received Prepare
Begin MonoManager ReloadAssembly
- Loaded All Assemblies, in  0.302 seconds
Refreshing native plugins compatible for Editor in 0.45 ms, found 0 plugins.
Native extension for UWP target not found
Native extension for WindowsStandalone target not found
Native extension for Android target not found
Mono: successfully reloaded assembly
- Finished resetting the current domain, in  0.490 seconds
Domain Reload Profiling: 791ms
	BeginReloadAssembly (135ms)
		ExecutionOrderSort (0ms)
		DisableScriptedObjects (4ms)
		BackupInstance (0ms)
		ReleaseScriptingObjects (0ms)
		CreateAndSetChildDomain (28ms)
	RebuildCommonClasses (31ms)
	RebuildNativeTypeToScriptingClass (16ms)
	initialDomainReloadingComplete (22ms)
	LoadAllAssembliesAndSetupDomain (96ms)
		LoadAssemblies (159ms)
		RebuildTransferFunctionScriptingTraits (0ms)
		AnalyzeDomain (10ms)
			TypeCache.Refresh (4ms)
				TypeCache.ScanAssembly (0ms)
			ScanForSourceGeneratedMonoScriptInfo (0ms)
			ResolveRequiredComponents (5ms)
	FinalizeReload (491ms)
		ReleaseScriptCaches (0ms)
		RebuildScriptCaches (0ms)
		SetupLoadedEditorAssemblies (236ms)
			LogAssemblyErrors (0ms)
			InitializePlatformSupportModulesInManaged (21ms)
			SetLoadedEditorAssemblies (2ms)
			RefreshPlugins (0ms)
			BeforeProcessingInitializeOnLoad (36ms)
			ProcessInitializeOnLoadAttributes (152ms)
			ProcessInitializeOnLoadMethodAttributes (21ms)
			AfterProcessingInitializeOnLoad (4ms)
			EditorAssembliesLoaded (0ms)
		ExecutionOrderSort2 (0ms)
		AwakeInstancesAfterBackupRestoration (5ms)
Refreshing native plugins compatible for Editor in 0.77 ms, found 0 plugins.
Preloading 0 native plugins for Editor in 0.00 ms.
Unloading 2211 Unused Serialized files (Serialized files now loaded: 0)
Unloading 56 unused Assets / (3.9 MB). Loaded Objects now: 2839.
Memory consumption went from 206.0 MB to 202.1 MB.
Total: 5.006100 ms (FindLiveObjects: 0.288000 ms CreateObjectMapping: 0.132200 ms MarkObjects: 3.313200 ms  DeleteObjects: 1.271300 ms)

Prepare: number of updated asset objects reloaded= 0
AssetImportParameters requested are different than current active one (requested -> active):
  custom:video-decoder-webm-vp8: 9c59270c3fd7afecdb556c50c9e8de78 -> 
  custom:SearchIndexIgnoredProperties: e643bd26f0fe6173181afceb89e7c659 -> 
  custom:container-demuxer-ogg: 62fdf1f143b41e24485cea50d1cbac27 -> 
  custom:AudioImporter_EditorPlatform: d09bf68614088b80899f8185d706f6e7 -> 
  custom:video-codec-MediaFoundation-h265: 746d11721c4dcdbdad8f713fa42b33f4 -> 
  custom:video-decoder-ogg-theora: a1e56fd34408186e4bbccfd4996cb3dc -> 
  custom:framework-win-MediaFoundation: 216162199b28c13a410421893ffa2e32 -> 
  custom:scripting/monoscript/fileName/oneTime.cs: effcfa5c784be164e17acf0a2aa0b7f0 -> 5287ae5edcafa21e974341620205cecd
  custom:video-encoder-webm-vp8: eb34c28f22e8b96e1ab97ce403110664 -> 
  custom:audio-decoder-ogg-vorbis: bf7c407c2cedff20999df2af8eb42d56 -> 
  custom:CustomObjectIndexerAttribute: 43b350a4d6e6d1791af0b5038c4bea17 -> 
  custom:container-demuxer-webm: 4f35f7cbe854078d1ac9338744f61a02 -> 
  custom:audio-encoder-webm-vorbis: bf7c407c2cedff20999df2af8eb42d56 -> 
  custom:container-muxer-webm: aa71ff27fc2769a1b78a27578f13a17b -> 
